2026-04-05 10:31:29 [HikariPool-1:housekeeper] WARN  com.zaxxer.hikari.pool.HikariPool - HikariPool-1 - Thread starvation or clock leap detected (housekeeper delta=15h46m5s186ms205µs200ns).
2026-04-05 10:31:29 [HikariPool-1:connection-adder] WARN  com.zaxxer.hikari.pool.PoolBase - HikariPool-1 - Pool is empty, failed to create/setup connection (f406650f-b0e2-496b-b033-14b3f506237e)
com.mysql.cj.jdbc.exceptions.CommunicationsException: Communications link failure

The last packet sent successfully to the server was 0 milliseconds ago. The driver has not received any packets from the server.
	at com.mysql.cj.jdbc.exceptions.SQLError.createCommunicationsException(SQLError.java:165)
	at com.mysql.cj.jdbc.exceptions.SQLExceptionsMapping.translateException(SQLExceptionsMapping.java:55)
	at com.mysql.cj.jdbc.ConnectionImpl.createNewIO(ConnectionImpl.java:840)
	at com.mysql.cj.jdbc.ConnectionImpl.<init>(ConnectionImpl.java:416)
	at com.mysql.cj.jdbc.ConnectionImpl.getInstance(ConnectionImpl.java:237)
	at com.mysql.cj.jdbc.NonRegisteringDriver.connect(NonRegisteringDriver.java:180)
	at com.zaxxer.hikari.util.DriverDataSource.getConnection(DriverDataSource.java:144)
	at com.zaxxer.hikari.pool.PoolBase.newConnection(PoolBase.java:373)
	at com.zaxxer.hikari.pool.PoolBase.newPoolEntry(PoolBase.java:210)
	at com.zaxxer.hikari.pool.HikariPool.createPoolEntry(HikariPool.java:488)
	at com.zaxxer.hikari.pool.HikariPool$PoolEntryCreator.call(HikariPool.java:752)
	at com.zaxxer.hikari.pool.HikariPool$PoolEntryCreator.call(HikariPool.java:731)
	at java.base/java.util.concurrent.FutureTask.run(FutureTask.java:328)
	at java.base/java.util.concurrent.ThreadPoolExecutor.runWorker(ThreadPoolExecutor.java:1095)
	at java.base/java.util.concurrent.ThreadPoolExecutor$Worker.run(ThreadPoolExecutor.java:619)
	at java.base/java.lang.Thread.run(Thread.java:1447)
Caused by: com.mysql.cj.exceptions.CJCommunicationsException: Communications link failure

The last packet sent successfully to the server was 0 milliseconds ago. The driver has not received any packets from the server.
	at java.base/jdk.internal.reflect.DirectConstructorHandleAccessor.newInstance(DirectConstructorHandleAccessor.java:62)
	at java.base/java.lang.reflect.Constructor.newInstanceWithCaller(Constructor.java:499)
	at java.base/java.lang.reflect.Constructor.newInstance(Constructor.java:483)
	at com.mysql.cj.exceptions.ExceptionFactory.createException(ExceptionFactory.java:52)
	at com.mysql.cj.exceptions.ExceptionFactory.createException(ExceptionFactory.java:95)
	at com.mysql.cj.exceptions.ExceptionFactory.createException(ExceptionFactory.java:140)
	at com.mysql.cj.exceptions.ExceptionFactory.createCommunicationsException(ExceptionFactory.java:156)
	at com.mysql.cj.protocol.a.NativeProtocol.afterHandshake(NativeProtocol.java:435)
	at com.mysql.cj.protocol.a.NativeProtocol.connect(NativeProtocol.java:1336)
	at com.mysql.cj.NativeSession.connect(NativeSession.java:155)
	at com.mysql.cj.jdbc.ConnectionImpl.connectOneTryOnly(ConnectionImpl.java:964)
	at com.mysql.cj.jdbc.ConnectionImpl.createNewIO(ConnectionImpl.java:828)
	... 13 common frames omitted
Caused by: java.net.SocketException: Connection attempt exceeded defined timeout.
	at com.mysql.cj.protocol.StandardSocketFactory.resetLoginTimeCountdown(StandardSocketFactory.java:205)
	at com.mysql.cj.protocol.StandardSocketFactory.afterHandshake(StandardSocketFactory.java:190)
	at com.mysql.cj.protocol.a.NativeProtocol.afterHandshake(NativeProtocol.java:433)
	... 17 common frames omitted
2026-04-05 10:32:19 [HikariPool-1:housekeeper] WARN  com.zaxxer.hikari.pool.HikariPool - HikariPool-1 - Thread starvation or clock leap detected (housekeeper delta=49s734ms711µs600ns).
2026-04-05 10:32:50 [scheduling-1] INFO  c.wsms.service.MetricCleanupService - Starting scheduled metric cleanup...
2026-04-05 10:32:50 [scheduling-1] INFO  c.wsms.service.MetricCleanupService - ✓ Cleanup completed. Deleted 0 old metrics (older than 30 days)
2026-04-05 10:37:37 [http-nio-8080-exec-8] INFO  com.wsms.controller.AgentController - Heartbeat received from server ID: 3
2026-04-05 10:37:37 [http-nio-8080-exec-5] INFO  com.wsms.service.MetricService - Metric saved successfully for server: ec2
2026-04-05 10:37:38 [http-nio-8080-exec-8] INFO  c.w.a.global.logging.LoggingAspect - traceId=41762d89 requestId=01KNE0M524MQFSS0M4Z9K5XQGY event=controller_call layer=controller class=com.wsms.controller.AgentController method=heartbeat  outcome=SUCCESS statusCode=200 durationMs=313 message="Success"
2026-04-05 10:37:38 [http-nio-8080-exec-5] INFO  c.w.a.global.logging.LoggingAspect - traceId=6414dfbb requestId=01KNE0M489J8ZKKNH847PMJSPE event=controller_call layer=controller class=com.wsms.controller.AgentController method=submitMetrics  outcome=SUCCESS statusCode=200 durationMs=681 message="Success"
2026-04-05 10:37:43 [http-nio-8080-exec-1] INFO  com.wsms.service.MetricService - Metric saved successfully for server: ec2
2026-04-05 10:37:44 [http-nio-8080-exec-1] INFO  c.w.a.global.logging.LoggingAspect - traceId=30a332dd requestId=01KNE0MB7DYAVFD1AD5S2KEN49 event=controller_call layer=controller class=com.wsms.controller.AgentController method=submitMetrics  outcome=SUCCESS statusCode=200 durationMs=23 message="Success"
2026-04-05 10:37:44 [http-nio-8080-exec-3] INFO  com.wsms.controller.AgentController - Heartbeat received from server ID: 3
2026-04-05 10:37:44 [http-nio-8080-exec-3] INFO  c.w.a.global.logging.LoggingAspect - traceId=7e181900 requestId=01KNE0MC00HRHPVXX9BH56ZDJ3 event=controller_call layer=controller class=com.wsms.controller.AgentController method=heartbeat  outcome=SUCCESS statusCode=200 durationMs=7 message="Success"
2026-04-05 10:40:04 [SpringApplicationShutdownHook] INFO  o.s.boot.tomcat.GracefulShutdown - Commencing graceful shutdown. Waiting for active requests to complete
2026-04-05 10:40:04 [tomcat-shutdown] INFO  o.s.boot.tomcat.GracefulShutdown - Graceful shutdown complete
2026-04-05 10:40:04 [SpringApplicationShutdownHook] INFO  o.s.o.j.LocalContainerEntityManagerFactoryBean - Closing JPA EntityManagerFactory for persistence unit 'default'
2026-04-05 10:40:05 [SpringApplicationShutdownHook] INFO  com.zaxxer.hikari.HikariDataSource - HikariPool-1 - Shutdown initiated...
2026-04-05 10:40:05 [SpringApplicationShutdownHook] INFO  com.zaxxer.hikari.HikariDataSource - HikariPool-1 - Shutdown completed.
